0 info it worked if it ends with ok
1 verbose cli [ '/Users/jviotti/.nvm/versions/node/v6.1.0/bin/node',
1 verbose cli   '/Users/jviotti/.nvm/versions/node/v6.1.0/bin/npm',
1 verbose cli   'run',
1 verbose cli   'dist' ]
2 info using npm@3.10.10
3 info using node@v6.1.0
4 verbose run-script [ 'predist', 'dist', 'postdist' ]
5 info lifecycle digital-clock@1.0.0~predist: digital-clock@1.0.0
6 silly lifecycle digital-clock@1.0.0~predist: no script for predist, continuing
7 info lifecycle digital-clock@1.0.0~dist: digital-clock@1.0.0
8 verbose lifecycle digital-clock@1.0.0~dist: unsafe-perm in lifecycle true
9 verbose lifecycle digital-clock@1.0.0~dist: PATH: /Users/jviotti/.nvm/versions/node/v6.1.0/lib/node_modules/npm/bin/node-gyp-bin:/Users/jviotti/Desktop/Code - Video 3/digital-clock/node_modules/.bin:/Users/jviotti/.opam/system/bin:/Users/jviotti/.nvm/versions/node/v6.1.0/bin:/Users/jviotti/bin:/usr/local/sbin:/usr/local/bin:/usr/bin:/bin:/usr/sbin:/sbin:/opt/X11/bin:/Library/TeX/texbin:/Users/jviotti/.opam/system/bin:/Library/Developer/CommandLineTools/usr/bin:/opt/gnat/bin:/opt/depot_tools:/Users/jviotti/bin:/usr/local/sbin
10 verbose lifecycle digital-clock@1.0.0~dist: CWD: /Users/jviotti/Desktop/Code - Video 3/digital-clock
11 silly lifecycle digital-clock@1.0.0~dist: Args: [ '-c', 'build' ]
12 silly lifecycle digital-clock@1.0.0~dist: Returned: code: 255  signal: null
13 info lifecycle digital-clock@1.0.0~dist: Failed to exec dist script
14 verbose stack Error: digital-clock@1.0.0 dist: `build`
14 verbose stack Exit status 255
14 verbose stack     at EventEmitter.<anonymous> (/Users/jviotti/.nvm/versions/node/v6.1.0/lib/node_modules/npm/lib/utils/lifecycle.js:255:16)
14 verbose stack     at emitTwo (events.js:106:13)
14 verbose stack     at EventEmitter.emit (events.js:191:7)
14 verbose stack     at ChildProcess.<anonymous> (/Users/jviotti/.nvm/versions/node/v6.1.0/lib/node_modules/npm/lib/utils/spawn.js:40:14)
14 verbose stack     at emitTwo (events.js:106:13)
14 verbose stack     at ChildProcess.emit (events.js:191:7)
14 verbose stack     at maybeClose (internal/child_process.js:850:16)
14 verbose stack     at Process.ChildProcess._handle.onexit (internal/child_process.js:215:5)
15 verbose pkgid digital-clock@1.0.0
16 verbose cwd /Users/jviotti/Desktop/Code - Video 3/digital-clock
17 error Darwin 16.6.0
18 error argv "/Users/jviotti/.nvm/versions/node/v6.1.0/bin/node" "/Users/jviotti/.nvm/versions/node/v6.1.0/bin/npm" "run" "dist"
19 error node v6.1.0
20 error npm  v3.10.10
21 error code ELIFECYCLE
22 error digital-clock@1.0.0 dist: `build`
22 error Exit status 255
23 error Failed at the digital-clock@1.0.0 dist script 'build'.
23 error Make sure you have the latest version of node.js and npm installed.
23 error If you do, this is most likely a problem with the digital-clock package,
23 error not with npm itself.
23 error Tell the author that this fails on your system:
23 error     build
23 error You can get information on how to open an issue for this project with:
23 error     npm bugs digital-clock
23 error Or if that isn't available, you can get their info via:
23 error     npm owner ls digital-clock
23 error There is likely additional logging output above.
24 verbose exit [ 1, true ]
